iwlwifi_1-virtual-0
Adapter: Virtual device
temp1:        +45.0°C  

nvme-pci-0100
Adapter: PCI adapter
Composite:    +36.9°C  (low  =  -5.2°C, high = +79.8°C)
                       (crit = +84.8°C)

coretemp-isa-0000
Adapter: ISA adapter
Package id 0:  +57.0°C  (high = +100.0°C, crit = +100.0°C)
Core 0:        +57.0°C  (high = +100.0°C, crit = +100.0°C)
Core 1:        +55.0°C  (high = +100.0°C, crit = +100.0°C)

pch_cannonlake-virtual-0
Adapter: Virtual device
temp1:        +54.0°C  

BAT0-acpi-0
Adapter: ACPI interface
in0:           7.14 V  

-----------------------END/START----------------------
2023-09-24 11:34:23
iwlwifi_1-virtual-0
Adapter: Virtual device
temp1:        +44.0°C  

nvme-pci-0100
Adapter: PCI adapter
Composite:    +36.9°C  (low  =  -5.2°C, high = +79.8°C)
                       (crit = +84.8°C)

coretemp-isa-0000
Adapter: ISA adapter
Package id 0:  +62.0°C  (high = +100.0°C, crit = +100.0°C)
Core 0:        +58.0°C  (high = +100.0°C, crit = +100.0°C)
Core 1:        +62.0°C  (high = +100.0°C, crit = +100.0°C)

pch_cannonlake-virtual-0
Adapter: Virtual device
temp1:        +55.0°C  

BAT0-acpi-0
Adapter: ACPI interface
in0:           7.05 V  

-----------------------END/START----------------------
2023-09-24 11:34:33
iwlwifi_1-virtual-0
Adapter: Virtual device
temp1:        +45.0°C  

nvme-pci-0100
Adapter: PCI adapter
Composite:    +36.9°C  (low  =  -5.2°C, high = +79.8°C)
                       (crit = +84.8°C)

coretemp-isa-0000
Adapter: ISA adapter
Package id 0:  +63.0°C  (high = +100.0°C, crit = +100.0°C)
Core 0:        +63.0°C  (high = +100.0°C, crit = +100.0°C)
Core 1:        +61.0°C  (high = +100.0°C, crit = +100.0°C)

pch_cannonlake-virtual-0
Adapter: Virtual device
temp1:        +54.0°C  

BAT0-acpi-0
Adapter: ACPI interface
in0:           7.09 V  

-----------------------END/START----------------------
2023-09-24 11:34:43
iwlwifi_1-virtual-0
Adapter: Virtual device
temp1:        +44.0°C  

nvme-pci-0100
Adapter: PCI adapter
Composite:    +36.9°C  (low  =  -5.2°C, high = +79.8°C)
                       (crit = +84.8°C)

coretemp-isa-0000
Adapter: ISA adapter
Package id 0:  +67.0°C  (high = +100.0°C, crit = +100.0°C)
Core 0:        +67.0°C  (high = +100.0°C, crit = +100.0°C)
Core 1:        +66.0°C  (high = +100.0°C, crit = +100.0°C)

pch_cannonlake-virtual-0
Adapter: Virtual device
temp1:        +56.0°C  

BAT0-acpi-0
Adapter: ACPI interface
in0:           7.20 V  

-----------------------END/START----------------------
2023-09-24 11:34:53
iwlwifi_1-virtual-0
Adapter: Virtual device
temp1:        +44.0°C  

nvme-pci-0100
Adapter: PCI adapter
Composite:    +36.9°C  (low  =  -5.2°C, high = +79.8°C)
                       (crit = +84.8°C)

coretemp-isa-0000
Adapter: ISA adapter
Package id 0:  +60.0°C  (high = +100.0°C, crit = +100.0°C)
Core 0:        +60.0°C  (high = +100.0°C, crit = +100.0°C)
Core 1:        +58.0°C  (high = +100.0°C, crit = +100.0°C)

pch_cannonlake-virtual-0
Adapter: Virtual device
temp1:        +56.0°C  

BAT0-acpi-0
Adapter: ACPI interface
in0:           7.19 V  

-----------------------END/START----------------------
2023-09-24 11:35:03
iwlwifi_1-virtual-0
Adapter: Virtual device
temp1:        +44.0°C  

nvme-pci-0100
Adapter: PCI adapter
Composite:    +36.9°C  (low  =  -5.2°C, high = +79.8°C)
                       (crit = +84.8°C)

coretemp-isa-0000
Adapter: ISA adapter
Package id 0:  +65.0°C  (high = +100.0°C, crit = +100.0°C)
Core 0:        +63.0°C  (high = +100.0°C, crit = +100.0°C)
Core 1:        +65.0°C  (high = +100.0°C, crit = +100.0°C)

pch_cannonlake-virtual-0
Adapter: Virtual device
temp1:        +55.0°C  

BAT0-acpi-0
Adapter: ACPI interface
in0:           7.13 V  

-----------------------END/START----------------------
2023-09-24 11:35:13
iwlwifi_1-virtual-0
Adapter: Virtual device
temp1:        +44.0°C  

nvme-pci-0100
Adapter: PCI adapter
Composite:    +36.9°C  (low  =  -5.2°C, high = +79.8°C)
                       (crit = +84.8°C)

coretemp-isa-0000
Adapter: ISA adapter
Package id 0:  +62.0°C  (high = +100.0°C, crit = +100.0°C)
Core 0:        +59.0°C  (high = +100.0°C, crit = +100.0°C)
Core 1:        +62.0°C  (high = +100.0°C, crit = +100.0°C)

pch_cannonlake-virtual-0
Adapter: Virtual device
temp1:        +54.0°C  

BAT0-acpi-0
Adapter: ACPI interface
in0:           7.15 V  

-----------------------END/START----------------------
2023-09-24 11:35:23
iwlwifi_1-virtual-0
Adapter: Virtual device
temp1:        +44.0°C  

nvme-pci-0100
Adapter: PCI adapter
Composite:    +36.9°C  (low  =  -5.2°C, high = +79.8°C)
                       (crit = +84.8°C)

coretemp-isa-0000
Adapter: ISA adapter
Package id 0:  +57.0°C  (high = +100.0°C, crit = +100.0°C)
Core 0:        +56.0°C  (high = +100.0°C, crit = +100.0°C)
Core 1:        +57.0°C  (high = +100.0°C, crit = +100.0°C)

pch_cannonlake-virtual-0
Adapter: Virtual device
temp1:        +54.0°C  

BAT0-acpi-0
Adapter: ACPI interface
in0:           7.17 V  

-----------------------END/START----------------------
2023-09-24 11:35:33
iwlwifi_1-virtual-0
Adapter: Virtual device
temp1:        +44.0°C  

nvme-pci-0100
Adapter: PCI adapter
Composite:    +36.9°C  (low  =  -5.2°C, high = +79.8°C)
                       (crit = +84.8°C)

coretemp-isa-0000
Adapter: ISA adapter
Package id 0:  +57.0°C  (high = +100.0°C, crit = +100.0°C)
Core 0:        +57.0°C  (high = +100.0°C, crit = +100.0°C)
Core 1:        +56.0°C  (high = +100.0°C, crit = +100.0°C)

pch_cannonlake-virtual-0
Adapter: Virtual device
temp1:        +56.0°C  

BAT0-acpi-0
Adapter: ACPI interface
in0:           7.17 V  

-----------------------END/START----------------------
2023-09-24 11:35:43
iwlwifi_1-virtual-0
Adapter: Virtual device
temp1:        +44.0°C  

nvme-pci-0100
Adapter: PCI adapter
Composite:    +35.9°C  (low  =  -5.2°C, high = +79.8°C)
                       (crit = +84.8°C)

coretemp-isa-0000
Adapter: ISA adapter
Package id 0:  +60.0°C  (high = +100.0°C, crit = +100.0°C)
Core 0:        +60.0°C  (high = +100.0°C, crit = +100.0°C)
Core 1:        +57.0°C  (high = +100.0°C, crit = +100.0°C)

pch_cannonlake-virtual-0
Adapter: Virtual device
temp1:        +54.0°C  

BAT0-acpi-0
Adapter: ACPI interface
in0:           7.18 V  

-----------------------END/START----------------------
2023-09-24 11:35:53
iwlwifi_1-virtual-0
Adapter: Virtual device
temp1:        +44.0°C  

nvme-pci-0100
Adapter: PCI adapter
Composite:    +35.9°C  (low  =  -5.2°C, high = +79.8°C)
                       (crit = +84.8°C)

coretemp-isa-0000
Adapter: ISA adapter
Package id 0:  +57.0°C  (high = +100.0°C, crit = +100.0°C)
Core 0:        +57.0°C  (high = +100.0°C, crit = +100.0°C)
Core 1:        +56.0°C  (high = +100.0°C, crit = +100.0°C)

pch_cannonlake-virtual-0
Adapter: Virtual device
temp1:        +54.0°C  

BAT0-acpi-0
Adapter: ACPI interface
in0:           7.17 V  

-----------------------END/START----------------------
2023-09-24 11:36:03
iwlwifi_1-virtual-0
Adapter: Virtual device
temp1:        +44.0°C  

nvme-pci-0100
Adapter: PCI adapter
Composite:    +36.9°C  (low  =  -5.2°C, high = +79.8°C)
                       (crit = +84.8°C)

coretemp-isa-0000
Adapter: ISA adapter
Package id 0:  +64.0°C  (high = +100.0°C, crit = +100.0°C)
Core 0:        +64.0°C  (high = +100.0°C, crit = +100.0°C)
Core 1:        +60.0°C  (high = +100.0°C, crit = +100.0°C)

pch_cannonlake-virtual-0
Adapter: Virtual device
temp1:        +54.0°C  

BAT0-acpi-0
Adapter: ACPI interface
in0:           7.15 V  

-----------------------END/START----------------------
2023-09-24 11:36:13
iwlwifi_1-virtual-0
Adapter: Virtual device
temp1:        +44.0°C  

nvme-pci-0100
Adapter: PCI adapter
Composite:    +36.9°C  (low  =  -5.2°C, high = +79.8°C)
                       (crit = +84.8°C)

coretemp-isa-0000
Adapter: ISA adapter
Package id 0:  +61.0°C  (high = +100.0°C, crit = +100.0°C)
Core 0:        +61.0°C  (high = +100.0°C, crit = +100.0°C)
Core 1:        +57.0°C  (high = +100.0°C, crit = +100.0°C)

pch_cannonlake-virtual-0
Adapter: Virtual device
temp1:        +54.0°C  

BAT0-acpi-0
Adapter: ACPI interface
in0:           7.06 V  

-----------------------END/START----------------------
2023-09-24 11:36:23
iwlwifi_1-virtual-0
Adapter: Virtual device
temp1:        +44.0°C  

nvme-pci-0100
Adapter: PCI adapter
Composite:    +35.9°C  (low  =  -5.2°C, high = +79.8°C)
                       (crit = +84.8°C)

coretemp-isa-0000
Adapter: ISA adapter
Package id 0:  +61.0°C  (high = +100.0°C, crit = +100.0°C)
Core 0:        +60.0°C  (high = +100.0°C, crit = +100.0°C)
Core 1:        +61.0°C  (high = +100.0°C, crit = +100.0°C)

pch_cannonlake-virtual-0
Adapter: Virtual device
temp1:        +54.0°C  

BAT0-acpi-0
Adapter: ACPI interface
in0:           7.12 V  

-----------------------END/START----------------------
2023-09-24 11:36:33
iwlwifi_1-virtual-0
Adapter: Virtual device
temp1:        +44.0°C  

nvme-pci-0100
Adapter: PCI adapter
Composite:    +35.9°C  (low  =  -5.2°C, high = +79.8°C)
                       (crit = +84.8°C)

coretemp-isa-0000
Adapter: ISA adapter
Package id 0:  +63.0°C  (high = +100.0°C, crit = +100.0°C)
Core 0:        +63.0°C  (high = +100.0°C, crit = +100.0°C)
Core 1:        +62.0°C  (high = +100.0°C, crit = +100.0°C)

pch_cannonlake-virtual-0
Adapter: Virtual device
temp1:        +54.0°C  

BAT0-acpi-0
Adapter: ACPI interface
in0:           7.13 V  

-----------------------END/START----------------------
2023-09-24 11:36:43
iwlwifi_1-virtual-0
Adapter: Virtual device
temp1:        +44.0°C  

nvme-pci-0100
Adapter: PCI adapter
Composite:    +35.9°C  (low  =  -5.2°C, high = +79.8°C)
                       (crit = +84.8°C)

coretemp-isa-0000
Adapter: ISA adapter
Package id 0:  +60.0°C  (high = +100.0°C, crit = +100.0°C)
Core 0:        +60.0°C  (high = +100.0°C, crit = +100.0°C)
Core 1:        +58.0°C  (high = +100.0°C, crit = +100.0°C)

pch_cannonlake-virtual-0
Adapter: Virtual device
temp1:        +53.0°C  

BAT0-acpi-0
Adapter: ACPI interface
in0:           7.07 V  

-----------------------END/START----------------------
2023-09-24 11:36:53
iwlwifi_1-virtual-0
Adapter: Virtual device
temp1:        +44.0°C  

nvme-pci-0100
Adapter: PCI adapter
Composite:    +35.9°C  (low  =  -5.2°C, high = +79.8°C)
                       (crit = +84.8°C)

coretemp-isa-0000
Adapter: ISA adapter
Package id 0:  +56.0°C  (high = +100.0°C, crit = +100.0°C)
Core 0:        +56.0°C  (high = +100.0°C, crit = +100.0°C)
Core 1:        +56.0°C  (high = +100.0°C, crit = +100.0°C)

pch_cannonlake-virtual-0
Adapter: Virtual device
temp1:        +54.0°C  

BAT0-acpi-0
Adapter: ACPI interface
in0:           7.06 V  

-----------------------END/START----------------------
2023-09-24 11:37:03
iwlwifi_1-virtual-0
Adapter: Virtual device
temp1:        +44.0°C  

nvme-pci-0100
Adapter: PCI adapter
Composite:    +35.9°C  (low  =  -5.2°C, high = +79.8°C)
                       (crit = +84.8°C)

coretemp-isa-0000
Adapter: ISA adapter
Package id 0:  +64.0°C  (high = +100.0°C, crit = +100.0°C)
Core 0:        +64.0°C  (high = +100.0°C, crit = +100.0°C)
Core 1:        +59.0°C  (high = +100.0°C, crit = +100.0°C)

pch_cannonlake-virtual-0
Adapter: Virtual device
temp1:        +53.0°C  

BAT0-acpi-0
Adapter: ACPI interface
in0:           7.16 V  

-----------------------END/START----------------------
2023-09-24 11:37:13
iwlwifi_1-virtual-0
Adapter: Virtual device
temp1:        +44.0°C  

nvme-pci-0100
Adapter: PCI adapter
Composite:    +35.9°C  (low  =  -5.2°C, high = +79.8°C)
                       (crit = +84.8°C)

coretemp-isa-0000
Adapter: ISA adapter
Package id 0:  +59.0°C  (high = +100.0°C, crit = +100.0°C)
Core 0:        +59.0°C  (high = +100.0°C, crit = +100.0°C)
Core 1:        +58.0°C  (high = +100.0°C, crit = +100.0°C)

pch_cannonlake-virtual-0
Adapter: Virtual device
temp1:        +54.0°C  

BAT0-acpi-0
Adapter: ACPI interface
in0:           7.14 V  

-----------------------END/START----------------------
2023-09-24 11:37:23
iwlwifi_1-virtual-0
Adapter: Virtual device
temp1:        +44.0°C  

nvme-pci-0100
Adapter: PCI adapter
Composite:    +36.9°C  (low  =  -5.2°C, high = +79.8°C)
                       (crit = +84.8°C)

coretemp-isa-0000
Adapter: ISA adapter
Package id 0:  +67.0°C  (high = +100.0°C, crit = +100.0°C)
Core 0:        +67.0°C  (high = +100.0°C, crit = +100.0°C)
Core 1:        +59.0°C  (high = +100.0°C, crit = +100.0°C)

pch_cannonlake-virtual-0
Adapter: Virtual device
temp1:        +54.0°C  

BAT0-acpi-0
Adapter: ACPI interface
in0:           7.14 V  

-----------------------END/START----------------------
2023-09-24 11:37:34
iwlwifi_1-virtual-0
Adapter: Virtual device
temp1:        +44.0°C  

nvme-pci-0100
Adapter: PCI adapter
Composite:    +36.9°C  (low  =  -5.2°C, high = +79.8°C)
                       (crit = +84.8°C)

coretemp-isa-0000
Adapter: ISA adapter
Package id 0:  +57.0°C  (high = +100.0°C, crit = +100.0°C)
Core 0:        +56.0°C  (high = +100.0°C, crit = +100.0°C)
Core 1:        +56.0°C  (high = +100.0°C, crit = +100.0°C)

pch_cannonlake-virtual-0
Adapter: Virtual device
temp1:        +54.0°C  

BAT0-acpi-0
Adapter: ACPI interface
in0:           7.07 V  

-----------------------END/START----------------------
2023-09-24 11:37:44
iwlwifi_1-virtual-0
Adapter: Virtual device
temp1:        +44.0°C  

nvme-pci-0100
Adapter: PCI adapter
Composite:    +36.9°C  (low  =  -5.2°C, high = +79.8°C)
                       (crit = +84.8°C)

coretemp-isa-0000
Adapter: ISA adapter
Package id 0:  +57.0°C  (high = +100.0°C, crit = +100.0°C)
Core 0:        +56.0°C  (high = +100.0°C, crit = +100.0°C)
Core 1:        +56.0°C  (high = +100.0°C, crit = +100.0°C)

pch_cannonlake-virtual-0
Adapter: Virtual device
temp1:        +55.0°C  

BAT0-acpi-0
Adapter: ACPI interface
in0:           7.05 V  

-----------------------END/START----------------------
2023-09-24 11:37:54
iwlwifi_1-virtual-0
Adapter: Virtual device
temp1:        +44.0°C  

nvme-pci-0100
Adapter: PCI adapter
Composite:    +36.9°C  (low  =  -5.2°C, high = +79.8°C)
                       (crit = +84.8°C)

coretemp-isa-0000
Adapter: ISA adapter
Package id 0:  +57.0°C  (high = +100.0°C, crit = +100.0°C)
Core 0:        +57.0°C  (high = +100.0°C, crit = +100.0°C)
Core 1:        +56.0°C  (high = +100.0°C, crit = +100.0°C)

pch_cannonlake-virtual-0
Adapter: Virtual device
temp1:        +55.0°C  

BAT0-acpi-0
Adapter: ACPI interface
in0:           7.11 V  

-----------------------END/START----------------------
2023-09-24 11:38:04
iwlwifi_1-virtual-0
Adapter: Virtual device
temp1:        +44.0°C  

nvme-pci-0100
Adapter: PCI adapter
Composite:    +36.9°C  (low  =  -5.2°C, high = +79.8°C)
                       (crit = +84.8°C)

coretemp-isa-0000
Adapter: ISA adapter
Package id 0:  +62.0°C  (high = +100.0°C, crit = +100.0°C)
Core 0:        +62.0°C  (high = +100.0°C, crit = +100.0°C)
Core 1:        +63.0°C  (high = +100.0°C, crit = +100.0°C)

pch_cannonlake-virtual-0
Adapter: Virtual device
temp1:        +56.0°C  

BAT0-acpi-0
Adapter: ACPI interface
in0:           7.12 V  

-----------------------END/START----------------------
2023-09-24 11:38:14
iwlwifi_1-virtual-0
Adapter: Virtual device
temp1:        +44.0°C  

nvme-pci-0100
Adapter: PCI adapter
Composite:    +35.9°C  (low  =  -5.2°C, high = +79.8°C)
                       (crit = +84.8°C)

coretemp-isa-0000
Adapter: ISA adapter
Package id 0:  +61.0°C  (high = +100.0°C, crit = +100.0°C)
Core 0:        +58.0°C  (high = +100.0°C, crit = +100.0°C)
Core 1:        +61.0°C  (high = +100.0°C, crit = +100.0°C)

pch_cannonlake-virtual-0
Adapter: Virtual device
temp1:        +54.0°C  

BAT0-acpi-0
Adapter: ACPI interface
in0:           7.05 V  

-----------------------END/START----------------------
2023-09-24 11:38:24
iwlwifi_1-virtual-0
Adapter: Virtual device
temp1:        +44.0°C  

nvme-pci-0100
Adapter: PCI adapter
Composite:    +36.9°C  (low  =  -5.2°C, high = +79.8°C)
                       (crit = +84.8°C)

coretemp-isa-0000
Adapter: ISA adapter
Package id 0:  +58.0°C  (high = +100.0°C, crit = +100.0°C)
Core 0:        +56.0°C  (high = +100.0°C, crit = +100.0°C)
Core 1:        +57.0°C  (high = +100.0°C, crit = +100.0°C)

pch_cannonlake-virtual-0
Adapter: Virtual device
temp1:        +54.0°C  

BAT0-acpi-0
Adapter: ACPI interface
in0:           7.06 V  

-----------------------END/START----------------------
2023-09-24 11:38:34
iwlwifi_1-virtual-0
Adapter: Virtual device
temp1:        +44.0°C  

nvme-pci-0100
Adapter: PCI adapter
Composite:    +35.9°C  (low  =  -5.2°C, high = +79.8°C)
                       (crit = +84.8°C)

coretemp-isa-0000
Adapter: ISA adapter
Package id 0:  +62.0°C  (high = +100.0°C, crit = +100.0°C)
Core 0:        +62.0°C  (high = +100.0°C, crit = +100.0°C)
Core 1:        +62.0°C  (high = +100.0°C, crit = +100.0°C)

pch_cannonlake-virtual-0
Adapter: Virtual device
temp1:        +56.0°C  

BAT0-acpi-0
Adapter: ACPI interface
in0:           7.09 V  

-----------------------END/START----------------------
2023-09-24 11:38:44
iwlwifi_1-virtual-0
Adapter: Virtual device
temp1:        +44.0°C  

nvme-pci-0100
Adapter: PCI adapter
Composite:    +36.9°C  (low  =  -5.2°C, high = +79.8°C)
                       (crit = +84.8°C)

coretemp-isa-0000
Adapter: ISA adapter
Package id 0:  +64.0°C  (high = +100.0°C, crit = +100.0°C)
Core 0:        +64.0°C  (high = +100.0°C, crit = +100.0°C)
Core 1:        +62.0°C  (high = +100.0°C, crit = +100.0°C)

pch_cannonlake-virtual-0
Adapter: Virtual device
temp1:        +56.0°C  

BAT0-acpi-0
Adapter: ACPI interface
in0:           7.01 V  

-----------------------END/START----------------------
2023-09-24 11:38:54
iwlwifi_1-virtual-0
Adapter: Virtual device
temp1:        +44.0°C  

nvme-pci-0100
Adapter: PCI adapter
Composite:    +36.9°C  (low  =  -5.2°C, high = +79.8°C)
                       (crit = +84.8°C)

coretemp-isa-0000
Adapter: ISA adapter
Package id 0:  +69.0°C  (high = +100.0°C, crit = +100.0°C)
Core 0:        +69.0°C  (high = +100.0°C, crit = +100.0°C)
Core 1:        +66.0°C  (high = +100.0°C, crit = +100.0°C)

pch_cannonlake-virtual-0
Adapter: Virtual device
temp1:        +56.0°C  

BAT0-acpi-0
Adapter: ACPI interface
in0:           7.03 V  

-----------------------END/START----------------------
2023-09-24 11:39:04
iwlwifi_1-virtual-0
Adapter: Virtual device
temp1:        +44.0°C  

nvme-pci-0100
Adapter: PCI adapter
Composite:    +36.9°C  (low  =  -5.2°C, high = +79.8°C)
                       (crit = +84.8°C)

coretemp-isa-0000
Adapter: ISA adapter
Package id 0:  +62.0°C  (high = +100.0°C, crit = +100.0°C)
Core 0:        +62.0°C  (high = +100.0°C, crit = +100.0°C)
Core 1:        +62.0°C  (high = +100.0°C, crit = +100.0°C)

pch_cannonlake-virtual-0
Adapter: Virtual device
temp1:        +54.0°C  

BAT0-acpi-0
Adapter: ACPI interface
in0:           6.99 V  

-----------------------END/START----------------------
2023-09-24 11:39:14
iwlwifi_1-virtual-0
Adapter: Virtual device
temp1:        +44.0°C  

nvme-pci-0100
Adapter: PCI adapter
Composite:    +36.9°C  (low  =  -5.2°C, high = +79.8°C)
                       (crit = +84.8°C)

coretemp-isa-0000
Adapter: ISA adapter
Package id 0:  +57.0°C  (high = +100.0°C, crit = +100.0°C)
Core 0:        +57.0°C  (high = +100.0°C, crit = +100.0°C)
Core 1:        +57.0°C  (high = +100.0°C, crit = +100.0°C)

pch_cannonlake-virtual-0
Adapter: Virtual device
temp1:        +54.0°C  

BAT0-acpi-0
Adapter: ACPI interface
in0:           7.08 V  

-----------------------END/START----------------------
2023-09-24 11:39:24
iwlwifi_1-virtual-0
Adapter: Virtual device
temp1:        +44.0°C  

nvme-pci-0100
Adapter: PCI adapter
Composite:    +36.9°C  (low  =  -5.2°C, high = +79.8°C)
                       (crit = +84.8°C)

coretemp-isa-0000
Adapter: ISA adapter
Package id 0:  +63.0°C  (high = +100.0°C, crit = +100.0°C)
Core 0:        +62.0°C  (high = +100.0°C, crit = +100.0°C)
Core 1:        +63.0°C  (high = +100.0°C, crit = +100.0°C)

pch_cannonlake-virtual-0
Adapter: Virtual device
temp1:        +54.0°C  

BAT0-acpi-0
Adapter: ACPI interface
in0:           7.07 V  

-----------------------END/START----------------------
2023-09-24 11:39:34
iwlwifi_1-virtual-0
Adapter: Virtual device
temp1:        +44.0°C  

nvme-pci-0100
Adapter: PCI adapter
Composite:    +36.9°C  (low  =  -5.2°C, high = +79.8°C)
                       (crit = +84.8°C)

coretemp-isa-0000
Adapter: ISA adapter
Package id 0:  +64.0°C  (high = +100.0°C, crit = +100.0°C)
Core 0:        +63.0°C  (high = +100.0°C, crit = +100.0°C)
Core 1:        +64.0°C  (high = +100.0°C, crit = +100.0°C)

pch_cannonlake-virtual-0
Adapter: Virtual device
temp1:        +55.0°C  

BAT0-acpi-0
Adapter: ACPI interface
in0:           7.07 V  

-----------------------END/START----------------------
2023-09-24 11:39:44
iwlwifi_1-virtual-0
Adapter: Virtual device
temp1:        +44.0°C  

nvme-pci-0100
Adapter: PCI adapter
Composite:    +35.9°C  (low  =  -5.2°C, high = +79.8°C)
                       (crit = +84.8°C)

coretemp-isa-0000
Adapter: ISA adapter
Package id 0:  +71.0°C  (high = +100.0°C, crit = +100.0°C)
Core 0:        +71.0°C  (high = +100.0°C, crit = +100.0°C)
Core 1:        +64.0°C  (high = +100.0°C, crit = +100.0°C)

pch_cannonlake-virtual-0
Adapter: Virtual device
temp1:        +54.0°C  

BAT0-acpi-0
Adapter: ACPI interface
in0:           7.08 V  

-----------------------END/START----------------------
2023-09-24 11:39:54
iwlwifi_1-virtual-0
Adapter: Virtual device
temp1:        +45.0°C  

nvme-pci-0100
Adapter: PCI adapter
Composite:    +35.9°C  (low  =  -5.2°C, high = +79.8°C)
                       (crit = +84.8°C)

coretemp-isa-0000
Adapter: ISA adapter
Package id 0:  +76.0°C  (high = +100.0°C, crit = +100.0°C)
Core 0:        +75.0°C  (high = +100.0°C, crit = +100.0°C)
Core 1:        +76.0°C  (high = +100.0°C, crit = +100.0°C)

pch_cannonlake-virtual-0
Adapter: Virtual device
temp1:        +57.0°C  

BAT0-acpi-0
Adapter: ACPI interface
in0:           6.98 V  

-----------------------END/START----------------------
2023-09-24 11:40:04
iwlwifi_1-virtual-0
Adapter: Virtual device
temp1:        +45.0°C  

nvme-pci-0100
Adapter: PCI adapter
Composite:    +36.9°C  (low  =  -5.2°C, high = +79.8°C)
                       (crit = +84.8°C)

coretemp-isa-0000
Adapter: ISA adapter
Package id 0:  +77.0°C  (high = +100.0°C, crit = +100.0°C)
Core 0:        +77.0°C  (high = +100.0°C, crit = +100.0°C)
Core 1:        +76.0°C  (high = +100.0°C, crit = +100.0°C)

pch_cannonlake-virtual-0
Adapter: Virtual device
temp1:        +60.0°C  

BAT0-acpi-0
Adapter: ACPI interface
in0:           6.86 V  

-----------------------END/START----------------------
2023-09-24 11:40:14
iwlwifi_1-virtual-0
Adapter: Virtual device
temp1:        +46.0°C  

nvme-pci-0100
Adapter: PCI adapter
Composite:    +36.9°C  (low  =  -5.2°C, high = +79.8°C)
                       (crit = +84.8°C)

coretemp-isa-0000
Adapter: ISA adapter
Package id 0:  +85.0°C  (high = +100.0°C, crit = +100.0°C)
Core 0:        +85.0°C  (high = +100.0°C, crit = +100.0°C)
Core 1:        +81.0°C  (high = +100.0°C, crit = +100.0°C)

pch_cannonlake-virtual-0
Adapter: Virtual device
temp1:        +62.0°C  

BAT0-acpi-0
Adapter: ACPI interface
in0:           6.87 V  

-----------------------END/START----------------------
2023-09-24 11:40:24
iwlwifi_1-virtual-0
Adapter: Virtual device
temp1:        +46.0°C  

nvme-pci-0100
Adapter: PCI adapter
Composite:    +36.9°C  (low  =  -5.2°C, high = +79.8°C)
                       (crit = +84.8°C)

coretemp-isa-0000
Adapter: ISA adapter
Package id 0:  +76.0°C  (high = +100.0°C, crit = +100.0°C)
Core 0:        +75.0°C  (high = +100.0°C, crit = +100.0°C)
Core 1:        +76.0°C  (high = +100.0°C, crit = +100.0°C)

pch_cannonlake-virtual-0
Adapter: Virtual device
temp1:        +63.0°C  

BAT0-acpi-0
Adapter: ACPI interface
in0:           6.91 V  

-----------------------END/START----------------------
2023-09-24 11:40:34
iwlwifi_1-virtual-0
Adapter: Virtual device
temp1:        +46.0°C  

nvme-pci-0100
Adapter: PCI adapter
Composite:    +36.9°C  (low  =  -5.2°C, high = +79.8°C)
                       (crit = +84.8°C)

coretemp-isa-0000
Adapter: ISA adapter
Package id 0:  +63.0°C  (high = +100.0°C, crit = +100.0°C)
Core 0:        +61.0°C  (high = +100.0°C, crit = +100.0°C)
Core 1:        +61.0°C  (high = +100.0°C, crit = +100.0°C)

pch_cannonlake-virtual-0
Adapter: Virtual device
temp1:        +58.0°C  

BAT0-acpi-0
Adapter: ACPI interface
in0:           6.90 V  

-----------------------END/START----------------------
2023-09-24 11:40:45
iwlwifi_1-virtual-0
Adapter: Virtual device
temp1:        +46.0°C  

nvme-pci-0100
Adapter: PCI adapter
Composite:    +37.9°C  (low  =  -5.2°C, high = +79.8°C)
                       (crit = +84.8°C)

coretemp-isa-0000
Adapter: ISA adapter
Package id 0:  +67.0°C  (high = +100.0°C, crit = +100.0°C)
Core 0:        +67.0°C  (high = +100.0°C, crit = +100.0°C)
Core 1:        +67.0°C  (high = +100.0°C, crit = +100.0°C)

pch_cannonlake-virtual-0
Adapter: Virtual device
temp1:        +58.0°C  

BAT0-acpi-0
Adapter: ACPI interface
in0:           7.01 V  

-----------------------END/START----------------------
2023-09-24 11:40:55
iwlwifi_1-virtual-0
Adapter: Virtual device
temp1:        +46.0°C  

nvme-pci-0100
Adapter: PCI adapter
Composite:    +37.9°C  (low  =  -5.2°C, high = +79.8°C)
                       (crit = +84.8°C)

coretemp-isa-0000
Adapter: ISA adapter
Package id 0:  +62.0°C  (high = +100.0°C, crit = +100.0°C)
Core 0:        +62.0°C  (high = +100.0°C, crit = +100.0°C)
Core 1:        +61.0°C  (high = +100.0°C, crit = +100.0°C)

pch_cannonlake-virtual-0
Adapter: Virtual device
temp1:        +59.0°C  

BAT0-acpi-0
Adapter: ACPI interface
in0:           7.01 V  

-----------------------END/START----------------------
2023-09-24 11:41:05
iwlwifi_1-virtual-0
Adapter: Virtual device
temp1:        +46.0°C  

nvme-pci-0100
Adapter: PCI adapter
Composite:    +37.9°C  (low  =  -5.2°C, high = +79.8°C)
                       (crit = +84.8°C)

coretemp-isa-0000
Adapter: ISA adapter
Package id 0:  +67.0°C  (high = +100.0°C, crit = +100.0°C)
Core 0:        +67.0°C  (high = +100.0°C, crit = +100.0°C)
Core 1:        +67.0°C  (high = +100.0°C, crit = +100.0°C)

pch_cannonlake-virtual-0
Adapter: Virtual device
temp1:        +60.0°C  

BAT0-acpi-0
Adapter: ACPI interface
in0:           7.07 V  

-----------------------END/START----------------------
2023-09-24 11:41:15
iwlwifi_1-virtual-0
Adapter: Virtual device
temp1:        +46.0°C  

nvme-pci-0100
Adapter: PCI adapter
Composite:    +37.9°C  (low  =  -5.2°C, high = +79.8°C)
                       (crit = +84.8°C)

coretemp-isa-0000
Adapter: ISA adapter
Package id 0:  +60.0°C  (high = +100.0°C, crit = +100.0°C)
Core 0:        +60.0°C  (high = +100.0°C, crit = +100.0°C)
Core 1:        +59.0°C  (high = +100.0°C, crit = +100.0°C)

pch_cannonlake-virtual-0
Adapter: Virtual device
temp1:        +58.0°C  

BAT0-acpi-0
Adapter: ACPI interface
in0:           7.03 V  

-----------------------END/START----------------------
2023-09-24 11:41:25
iwlwifi_1-virtual-0
Adapter: Virtual device
temp1:        +46.0°C  

nvme-pci-0100
Adapter: PCI adapter
Composite:    +36.9°C  (low  =  -5.2°C, high = +79.8°C)
                       (crit = +84.8°C)

coretemp-isa-0000
Adapter: ISA adapter
Package id 0:  +63.0°C  (high = +100.0°C, crit = +100.0°C)
Core 0:        +62.0°C  (high = +100.0°C, crit = +100.0°C)
Core 1:        +62.0°C  (high = +100.0°C, crit = +100.0°C)

pch_cannonlake-virtual-0
Adapter: Virtual device
temp1:        +56.0°C  

BAT0-acpi-0
Adapter: ACPI interface
in0:           7.01 V  

-----------------------END/START----------------------
2023-09-24 11:41:35
iwlwifi_1-virtual-0
Adapter: Virtual device
temp1:        +46.0°C  

nvme-pci-0100
Adapter: PCI adapter
Composite:    +36.9°C  (low  =  -5.2°C, high = +79.8°C)
                       (crit = +84.8°C)

coretemp-isa-0000
Adapter: ISA adapter
Package id 0:  +64.0°C  (high = +100.0°C, crit = +100.0°C)
Core 0:        +64.0°C  (high = +100.0°C, crit = +100.0°C)
Core 1:        +60.0°C  (high = +100.0°C, crit = +100.0°C)

pch_cannonlake-virtual-0
Adapter: Virtual device
temp1:        +58.0°C  

BAT0-acpi-0
Adapter: ACPI interface
in0:           7.00 V  

-----------------------END/START----------------------
2023-09-24 11:41:45
